[INFO] Scanning for projects...
[INFO] 
[INFO] --------------------< com.restaurant:member-system >--------------------
[INFO] Building member-system 1.0.0
[INFO] --------------------------------[ jar ]---------------------------------
[INFO] 
[INFO] >>> spring-boot-maven-plugin:2.7.14:run (default-cli) > test-compile @ member-system >>>
[WARNING] The artifact mysql:mysql-connector-java:jar:8.0.33 has been relocated to com.mysql:mysql-connector-j:jar:8.0.33: MySQL Connector/J artifacts moved to reverse-DNS compliant Maven 2+ coordinates.
[INFO] 
[INFO] --- maven-resources-plugin:3.2.0:resources (default-resources) @ member-system ---
[INFO] Using 'UTF-8' encoding to copy filtered resources.
[INFO] Using 'UTF-8' encoding to copy filtered properties files.
[INFO] Copying 1 resource
[INFO] Copying 0 resource
[INFO] 
[INFO] --- maven-compiler-plugin:3.10.1:compile (default-compile) @ member-system ---
[INFO] Nothing to compile - all classes are up to date
[INFO] 
[INFO] --- maven-resources-plugin:3.2.0:testResources (default-testResources) @ member-system ---
[INFO] Using 'UTF-8' encoding to copy filtered resources.
[INFO] Using 'UTF-8' encoding to copy filtered properties files.
[INFO] skip non existing resourceDirectory /Users/libra520/JavaProject/repast-vip-system/backend/src/test/resources
[INFO] 
[INFO] --- maven-compiler-plugin:3.10.1:testCompile (default-testCompile) @ member-system ---
[INFO] No sources to compile
[INFO] 
[INFO] <<< spring-boot-maven-plugin:2.7.14:run (default-cli) < test-compile @ member-system <<<
[INFO] 
[INFO] 
[INFO] --- spring-boot-maven-plugin:2.7.14:run (default-cli) @ member-system ---
[INFO] Attaching agents: []

  .   ____          _            __ _ _
 /\\ / ___'_ __ _ _(_)_ __  __ _ \ \ \ \
( ( )\___ | '_ | '_| | '_ \/ _` | \ \ \ \
 \\/  ___)| |_)| | | | | || (_| |  ) ) ) )
  '  |____| .__|_| |_|_| |_\__, | / / / /
 =========|_|==============|___/=/_/_/_/
 :: Spring Boot ::               (v2.7.14)

2025-10-25 10:49:10.797  INFO 48912 --- [           main] com.restaurant.MemberSystemApplication   : Starting MemberSystemApplication using Java 1.8.0_181 on sunhuideMacBook-Pro.local with PID 48912 (/Users/libra520/JavaProject/repast-vip-system/backend/target/classes started by libra520 in /Users/libra520/JavaProject/repast-vip-system/backend)
2025-10-25 10:49:10.799 DEBUG 48912 --- [           main] com.restaurant.MemberSystemApplication   : Running with Spring Boot v2.7.14, Spring v5.3.29
2025-10-25 10:49:10.800  INFO 48912 --- [           main] com.restaurant.MemberSystemApplication   : No active profile set, falling back to 1 default profile: "default"
2025-10-25 10:49:12.415  INFO 48912 --- [           main] o.s.b.w.embedded.tomcat.TomcatWebServer  : Tomcat initialized with port(s): 8080 (http)
2025-10-25 10:49:12.427  INFO 48912 --- [           main] o.apache.catalina.core.StandardService   : Starting service [Tomcat]
2025-10-25 10:49:12.427  INFO 48912 --- [           main] org.apache.catalina.core.StandardEngine  : Starting Servlet engine: [Apache Tomcat/9.0.78]
2025-10-25 10:49:12.547  INFO 48912 --- [           main] o.a.c.c.C.[Tomcat].[localhost].[/]       : Initializing Spring embedded WebApplicationContext
2025-10-25 10:49:12.547  INFO 48912 --- [           main] w.s.c.ServletWebServerApplicationContext : Root WebApplicationContext: initialization completed in 1683 ms
2025-10-25 10:49:12.664 DEBUG 48912 --- [           main] c.r.config.JwtAuthenticationFilter       : Filter 'jwtAuthenticationFilter' configured for use
Logging initialized using 'class org.apache.ibatis.logging.stdout.StdOutImpl' adapter.
Registered plugin: 'com.baomidou.mybatisplus.extension.plugins.MybatisPlusInterceptor@77cb9cd1'
Property 'mapperLocations' was not specified.
 _ _   |_  _ _|_. ___ _ |    _ 
| | |\/|_)(_| | |_\  |_)||_|_\ 
     /               |         
                        3.5.3.1 
2025-10-25 10:49:13.752  INFO 48912 --- [           main] o.s.s.web.DefaultSecurityFilterChain     : Will secure any request with [org.springframework.security.web.session.DisableEncodeUrlFilter@706fe5c6, org.springframework.security.web.context.request.async.WebAsyncManagerIntegrationFilter@6c15e8c7, org.springframework.security.web.context.SecurityContextPersistenceFilter@3d5790ea, org.springframework.security.web.header.HeaderWriterFilter@43d38654, org.springframework.security.web.authentication.logout.LogoutFilter@f679798, com.restaurant.config.JwtAuthenticationFilter@56380231, org.springframework.security.web.savedrequest.RequestCacheAwareFilter@67a3bd51, org.springframework.security.web.servletapi.SecurityContextHolderAwareRequestFilter@56913163, org.springframework.security.web.authentication.AnonymousAuthenticationFilter@64f1fd08, org.springframework.security.web.session.SessionManagementFilter@5e048149, org.springframework.security.web.access.ExceptionTranslationFilter@1290c49, org.springframework.security.web.access.intercept.FilterSecurityInterceptor@42b28ff1]
2025-10-25 10:49:14.191  INFO 48912 --- [           main] o.s.b.w.embedded.tomcat.TomcatWebServer  : Tomcat started on port(s): 8080 (http) with context path ''
2025-10-25 10:49:14.203  INFO 48912 --- [           main] com.restaurant.MemberSystemApplication   : Started MemberSystemApplication in 3.905 seconds (JVM running for 4.361)
2025-10-25 10:49:27.810  INFO 48912 --- [nio-8080-exec-1] o.a.c.c.C.[Tomcat].[localhost].[/]       : Initializing Spring DispatcherServlet 'dispatcherServlet'
2025-10-25 10:49:27.810  INFO 48912 --- [nio-8080-exec-1] o.s.web.servlet.DispatcherServlet        : Initializing Servlet 'dispatcherServlet'
2025-10-25 10:49:27.814  INFO 48912 --- [nio-8080-exec-1] o.s.web.servlet.DispatcherServlet        : Completed initialization in 3 ms
Creating a new SqlSession
SqlSession [org.apache.ibatis.session.defaults.DefaultSqlSession@6263100f] was not registered for synchronization because synchronization is not active
2025-10-25 10:49:28.050  INFO 48912 --- [nio-8080-exec-1] com.zaxxer.hikari.HikariDataSource       : HikariPool-1 - Starting...
2025-10-25 10:49:28.183  INFO 48912 --- [nio-8080-exec-1] com.zaxxer.hikari.HikariDataSource       : HikariPool-1 - Start completed.
JDBC Connection [HikariProxyConnection@30725925 wrapping com.mysql.cj.jdbc.ConnectionImpl@20060436] will not be managed by Spring
==>  Preparing: SELECT id,username,password,phone,email,role,create_time,update_time,deleted FROM users WHERE deleted=0 AND (username = ?)
==> Parameters: admin(String)
<==    Columns: id, username, password, phone, email, role, create_time, update_time, deleted
<==        Row: 2, admin, $2a$10$N.zmdr9k7uOCQb376NoUnuTJ8iAt6Z5EHsM8lE9lBOsl7iKTVEFDa, 13800138000, admin@restaurant.com, ADMIN, 2025-10-25 10:33:11, 2025-10-25 10:43:13, 0
<==      Total: 1
Closing non transactional SqlSession [org.apache.ibatis.session.defaults.DefaultSqlSession@6263100f]
=== 登录调试信息 ===
输入用户名: admin
输入密码: 123456
数据库查到的用户: admin
数据库密码哈希: $2a$10$N.zmdr9k7uOCQb376NoUnuTJ8iAt6Z5EHsM8lE9lBOsl7iKTVEFDa
密码匹配结果: false
新生成的密码哈希: $2a$10$Wo2pFO8oWOzUayKYHiT9M..R9p8aeyleFvqEohEvulCKkGA1YtaUa
新生成哈希匹配结果: true
==================
Creating a new SqlSession
SqlSession [org.apache.ibatis.session.defaults.DefaultSqlSession@222fc15b] was not registered for synchronization because synchronization is not active
JDBC Connection [HikariProxyConnection@753412974 wrapping com.mysql.cj.jdbc.ConnectionImpl@20060436] will not be managed by Spring
==>  Preparing: SELECT id,username,password,phone,email,role,create_time,update_time,deleted FROM users WHERE deleted=0 AND (username = ?)
==> Parameters: admin(String)
<==    Columns: id, username, password, phone, email, role, create_time, update_time, deleted
<==        Row: 2, admin, $2a$10$Wo2pFO8oWOzUayKYHiT9M..R9p8aeyleFvqEohEvulCKkGA1YtaUa, 13800138000, admin@restaurant.com, ADMIN, 2025-10-25 10:33:11, 2025-10-25 10:50:10, 0
<==      Total: 1
Closing non transactional SqlSession [org.apache.ibatis.session.defaults.DefaultSqlSession@222fc15b]
=== 登录调试信息 ===
输入用户名: admin
输入密码: 123456
数据库查到的用户: admin
数据库密码哈希: $2a$10$Wo2pFO8oWOzUayKYHiT9M..R9p8aeyleFvqEohEvulCKkGA1YtaUa
密码匹配结果: true
新生成的密码哈希: $2a$10$yBCI.NuxLthv7DKiMx3KKuLQoSo0CdYSVmbxic7l0uCmD6XaLAWkC
新生成哈希匹配结果: true
==================
Creating a new SqlSession
SqlSession [org.apache.ibatis.session.defaults.DefaultSqlSession@3e2034ff] was not registered for synchronization because synchronization is not active
JDBC Connection [HikariProxyConnection@1299295917 wrapping com.mysql.cj.jdbc.ConnectionImpl@20060436] will not be managed by Spring
==>  Preparing: SELECT id,username,password,phone,email,role,create_time,update_time,deleted FROM users WHERE deleted=0 AND (username = ?)
==> Parameters: admin(String)
<==    Columns: id, username, password, phone, email, role, create_time, update_time, deleted
<==        Row: 2, admin, $2a$10$Wo2pFO8oWOzUayKYHiT9M..R9p8aeyleFvqEohEvulCKkGA1YtaUa, 13800138000, admin@restaurant.com, ADMIN, 2025-10-25 10:33:11, 2025-10-25 10:50:10, 0
<==      Total: 1
Closing non transactional SqlSession [org.apache.ibatis.session.defaults.DefaultSqlSession@3e2034ff]
Creating a new SqlSession
SqlSession [org.apache.ibatis.session.defaults.DefaultSqlSession@66f60ab9] was not registered for synchronization because synchronization is not active
JDBC Connection [HikariProxyConnection@1812881865 wrapping com.mysql.cj.jdbc.ConnectionImpl@20060436] will not be managed by Spring
==>  Preparing: SELECT id,username,password,phone,email,role,create_time,update_time,deleted FROM users WHERE deleted=0 AND (username = ?)
==> Parameters: admin(String)
<==    Columns: id, username, password, phone, email, role, create_time, update_time, deleted
<==        Row: 2, admin, $2a$10$Wo2pFO8oWOzUayKYHiT9M..R9p8aeyleFvqEohEvulCKkGA1YtaUa, 13800138000, admin@restaurant.com, ADMIN, 2025-10-25 10:33:11, 2025-10-25 10:50:10, 0
<==      Total: 1
Closing non transactional SqlSession [org.apache.ibatis.session.defaults.DefaultSqlSession@66f60ab9]
=== 登录调试信息 ===
输入用户名: admin
输入密码: 123456
数据库查到的用户: admin
数据库密码哈希: $2a$10$Wo2pFO8oWOzUayKYHiT9M..R9p8aeyleFvqEohEvulCKkGA1YtaUa
密码匹配结果: true
新生成的密码哈希: $2a$10$JWIAcvWPwMACoL9vrdwUU.vQsF01vNIVHgL3wgmOe5CLUKAKz.nwG
新生成哈希匹配结果: true
==================
Creating a new SqlSession
SqlSession [org.apache.ibatis.session.defaults.DefaultSqlSession@49231d63] was not registered for synchronization because synchronization is not active
JDBC Connection [HikariProxyConnection@2052782087 wrapping com.mysql.cj.jdbc.ConnectionImpl@20060436] will not be managed by Spring
==>  Preparing: SELECT id,username,password,phone,email,role,create_time,update_time,deleted FROM users WHERE deleted=0 AND (username = ?)
==> Parameters: admin(String)
<==    Columns: id, username, password, phone, email, role, create_time, update_time, deleted
<==        Row: 2, admin, $2a$10$Wo2pFO8oWOzUayKYHiT9M..R9p8aeyleFvqEohEvulCKkGA1YtaUa, 13800138000, admin@restaurant.com, ADMIN, 2025-10-25 10:33:11, 2025-10-25 10:50:10, 0
<==      Total: 1
Closing non transactional SqlSession [org.apache.ibatis.session.defaults.DefaultSqlSession@49231d63]
Creating a new SqlSession
SqlSession [org.apache.ibatis.session.defaults.DefaultSqlSession@399534b1] was not registered for synchronization because synchronization is not active
JDBC Connection [HikariProxyConnection@18104172 wrapping com.mysql.cj.jdbc.ConnectionImpl@20060436] will not be managed by Spring
==>  Preparing: SELECT id,username,password,phone,email,role,create_time,update_time,deleted FROM users WHERE deleted=0 AND (username = ?)
==> Parameters: admin(String)
<==    Columns: id, username, password, phone, email, role, create_time, update_time, deleted
<==        Row: 2, admin, $2a$10$Wo2pFO8oWOzUayKYHiT9M..R9p8aeyleFvqEohEvulCKkGA1YtaUa, 13800138000, admin@restaurant.com, ADMIN, 2025-10-25 10:33:11, 2025-10-25 10:50:10, 0
<==      Total: 1
Closing non transactional SqlSession [org.apache.ibatis.session.defaults.DefaultSqlSession@399534b1]
=== 登录调试信息 ===
输入用户名: admin
输入密码: 123456
数据库查到的用户: admin
数据库密码哈希: $2a$10$Wo2pFO8oWOzUayKYHiT9M..R9p8aeyleFvqEohEvulCKkGA1YtaUa
密码匹配结果: true
新生成的密码哈希: $2a$10$/PnMBgGwuXiGEScVNsx0j.hXob.F1h8XnbkZCQBZ2Y9f7UglrnDzC
新生成哈希匹配结果: true
==================
Creating a new SqlSession
SqlSession [org.apache.ibatis.session.defaults.DefaultSqlSession@7121d9c9] was not registered for synchronization because synchronization is not active
JDBC Connection [HikariProxyConnection@675862494 wrapping com.mysql.cj.jdbc.ConnectionImpl@20060436] will not be managed by Spring
==>  Preparing: SELECT id,username,password,phone,email,role,create_time,update_time,deleted FROM users WHERE deleted=0 AND (username = ?)
==> Parameters: admin(String)
<==    Columns: id, username, password, phone, email, role, create_time, update_time, deleted
<==        Row: 2, admin, $2a$10$Wo2pFO8oWOzUayKYHiT9M..R9p8aeyleFvqEohEvulCKkGA1YtaUa, 13800138000, admin@restaurant.com, ADMIN, 2025-10-25 10:33:11, 2025-10-25 10:50:10, 0
<==      Total: 1
Closing non transactional SqlSession [org.apache.ibatis.session.defaults.DefaultSqlSession@7121d9c9]
